12/30/15 11:07:51	Exception Details: System.Net.WebException: The operation has timed out
   at System.Web.Services.Protocols.WebClientProtocol.GetWebResponse(WebRequest request)
   at System.Web.Services.Protocols.HttpWebClientProtocol.GetWebResponse(WebRequest request)
   at System.Web.Services.Protocols.SoapHttpClientProtocol.Invoke(String methodName, Object[] parameters)
   at BusinessRules.wsEBooking.wsEBooking.LoadCache(String TableNames) in d:\Team Projects\IOW\CareMonXCADEmergency\CareMonXCADEmergency V9\CareMonXCADEmergencyV9_x\VERSION_9_0\E-Booking\BusinessRules\Web References\wsEBooking\Reference.cs:line 1359
   at BusinessRules.clsEBooking.LoadCache(String TableNames) in d:\Team Projects\IOW\CareMonXCADEmergency\CareMonXCADEmergency V9\CareMonXCADEmergencyV9_x\VERSION_9_0\E-Booking\BusinessRules\clsEBooking.cs:line 280
   at BusinessRules.StaticCache.GetDropDownsData() in d:\Team Projects\IOW\CareMonXCADEmergency\CareMonXCADEmergency V9\CareMonXCADEmergencyV9_x\VERSION_9_0\E-Booking\BusinessRules\StaticCache.cs:line 37
   at BusinessRules.StaticCache.GetDropDowns(Boolean BypassCache) in d:\Team Projects\IOW\CareMonXCADEmergency\CareMonXCADEmergency V9\CareMonXCADEmergencyV9_x\VERSION_9_0\E-Booking\BusinessRules\StaticCache.cs:line 48
   at BusinessRules.Dropdown.GetAllDropdowns(Boolean isFiltered) in d:\Team Projects\IOW\CareMonXCADEmergency\CareMonXCADEmergency V9\CareMonXCADEmergencyV9_x\VERSION_9_0\E-Booking\BusinessRules\Dropdown.cs:line 427
   at EBooking.Controllers.DropdownController.GetAllDropdowns() in d:\Team Projects\IOW\CareMonXCADEmergency\CareMonXCADEmergency V9\CareMonXCADEmergencyV9_x\VERSION_9_0\E-Booking\E-Booking\Controllers\DropdownController.cs:line 23
   at lambda_method(Closure , ControllerBase , Object[] )
   at System.Web.Mvc.ActionMethodDispatcher.Execute(ControllerBase controller, Object[] parameters)
   at System.Web.Mvc.ReflectedActionDescriptor.Execute(ControllerContext controllerContext, IDictionary`2 parameters)
   at System.Web.Mvc.ControllerActionInvoker.InvokeActionMethod(ControllerContext controllerContext, ActionDescriptor actionDescriptor, IDictionary`2 parameters)
   at System.Web.Mvc.Async.AsyncControllerActionInvoker.<>c__DisplayClass42.<BeginInvokeSynchronousActionMethod>b__41()
   at System.Web.Mvc.Async.AsyncResultWrapper.<>c__DisplayClass8`1.<BeginSynchronous>b__7(IAsyncResult _)
   at System.Web.Mvc.Async.AsyncResultWrapper.WrappedAsyncResult`1.End()
   at System.Web.Mvc.Async.AsyncControllerActionInvoker.EndInvokeActionMethod(IAsyncResult asyncResult)
   at System.Web.Mvc.Async.AsyncControllerActionInvoker.<>c__DisplayClass37.<>c__DisplayClass39.<BeginInvokeActionMethodWithFilters>b__33()
   at System.Web.Mvc.Async.AsyncControllerActionInvoker.<>c__DisplayClass4f.<InvokeActionMethodFilterAsynchronously>b__49()
   at System.Web.Mvc.Async.AsyncControllerActionInvoker.<>c__DisplayClass37.<BeginInvokeActionMethodWithFilters>b__36(IAsyncResult asyncResult)
   at System.Web.Mvc.Async.AsyncResultWrapper.WrappedAsyncResult`1.End()
   at System.Web.Mvc.Async.AsyncControllerActionInvoker.EndInvokeActionMethodWithFilters(IAsyncResult asyncResult)
   at System.Web.Mvc.Async.AsyncControllerActionInvoker.<>c__DisplayClass25.<>c__DisplayClass2a.<BeginInvokeAction>b__20()
   at System.Web.Mvc.Async.AsyncControllerActionInvoker.<>c__DisplayClass25.<BeginInvokeAction>b__22(IAsyncResult asyncResult)
Source: System.Web.Services
